Arguments: 
  C:\Program Files\nodejs\node.exe C:\Users\Schwa\AppData\Roaming\npm\node_modules\yarn\bin\yarn.js add @types/body-parses @types/express --dev

PATH: 
  C:\Program Files (x86)\Microsoft\Edge\Application;C:\Program Files\Common Files\Oracle\Java\javapath;C:\Program Files (x86)\Common Files\Oracle\Java\javapath;C:\Windows\system32;C:\Windows;C:\Windows\System32\Wbem;C:\Windows\System32\WindowsPowerShell\v1.0\;C:\Windows\System32\OpenSSH\;C:\Program Files\Git\cmd;C:\Program Files\nodejs\;C:\Program Files\MySQL\MySQL Shell 8.0\bin\;C:\Users\Schwa\.cargo\bin;C:\Users\Schwa\AppData\Local\Microsoft\WindowsApps;C:\Users\Schwa\AppData\Local\Programs\Microsoft VS Code\bin;C:\Users\Schwa\AppData\Roaming\npm;C:\Users\Schwa\AppData\Local\GitHubDesktop\bin

Yarn version: 
  1.22.19

Node version: 
  18.6.0

Platform: 
  win32 x64

Trace: 
  Error: https://registry.yarnpkg.com/@types%2fbody-parses: Not found
      at params.callback [as _callback] (C:\Users\Schwa\AppData\Roaming\npm\node_modules\yarn\lib\cli.js:66145:18)
      at self.callback (C:\Users\Schwa\AppData\Roaming\npm\node_modules\yarn\lib\cli.js:140890:22)
      at Request.emit (node:events:513:28)
      at Request.<anonymous> (C:\Users\Schwa\AppData\Roaming\npm\node_modules\yarn\lib\cli.js:141862:10)
      at Request.emit (node:events:513:28)
      at IncomingMessage.<anonymous> (C:\Users\Schwa\AppData\Roaming\npm\node_modules\yarn\lib\cli.js:141784:12)
      at Object.onceWrapper (node:events:627:28)
      at IncomingMessage.emit (node:events:525:35)
      at endReadableNT (node:internal/streams/readable:1359:12)
      at process.processTicksAndRejections (node:internal/process/task_queues:82:21)

npm manifest: 
  {
     "name": "speedrun-api",
     "version": "0.0.1",
     "description": "Awesome project developed with TypeORM.",
     "type": "commonjs",
     "devDependencies": {
        "ts-node": "10.7.0",
        "@types/node": "^16.11.10",
        "typescript": "4.5.2"
     },
     "dependencies": {
        "typeorm": "0.3.7",
        "reflect-metadata": "^0.1.13",
        "pg": "^8.4.0",
        "express": "^4.17.2",
        "body-parser": "^1.19.1"
     },
     "scripts": {
        "start": "ts-node src/index.ts",
        "typeorm": "typeorm-ts-node-commonjs"
     }
  }

yarn manifest: 
  No manifest

Lockfile: 
  No lockfile
